{
  "RSpec": {
    "coverage": {
      "/Users/skrach/Desktop/myGem/fun_translation/lib/fun_translation.rb": {
        "lines": [
          null,
          null,
          1,
          1,
          1,
          null,
          1,
          1,
          null,
          1,
          1,
          7,
          null,
          null
        ]
      },
      "/Users/skrach/Desktop/myGem/fun_translation/lib/fun_translation/client.rb": {
        "lines": [
          null,
          null,
          1,
          1,
          1,
          null,
          1,
          null,
          1,
          7,
          null,
          null,
          1,
          3,
          null,
          null,
          null,
          null,
          null,
          null,
          null
        ]
      },
      "/Users/skrach/Desktop/myGem/fun_translation/lib/fun_translation/request.rb": {
        "lines": [
          null,
          null,
          1,
          1,
          1,
          null,
          1,
          6,
          null,
          null,
          null,
          null,
          1,
          6,
          0,
          null,
          6,
          null,
          null,
          6,
          null,
          3,
          null,
          null,
          1,
          3,
          null,
          2,
          null,
          null,
          null
        ]
      },
      "/Users/skrach/Desktop/myGem/fun_translation/lib/fun_translation/connection.rb": {
        "lines": [
          null,
          null,
          1,
          1,
          1,
          null,
          1,
          6,
          6,
          6,
          null,
          null,
          null,
          1,
          null,
          1,
          null,
          6,
          null,
          null,
          null,
          null,
          6,
          null,
          null,
          6,
          null,
          null,
          null,
          null,
          null
        ]
      },
      "/Users/skrach/Desktop/myGem/fun_translation/lib/fun_translation/error.rb": {
        "lines": [
          null,
          null,
          1,
          1,
          1,
          1,
          null,
          1,
          1,
          1,
          1,
          1,
          1,
          1,
          1,
          null,
          1,
          1,
          1,
          1,
          null,
          null,
          1,
          null,
          null,
          null,
          null,
          null,
          null,
          null,
          null,
          null,
          null,
          null,
          null,
          null,
          null,
          1,
          3,
          3,
          null,
          null,
          null
        ]
      },
      "/Users/skrach/Desktop/myGem/fun_translation/lib/fun_translation/translation.rb": {
        "lines": [
          null,
          null,
          1,
          1,
          1,
          null,
          1,
          3,
          1,
          null,
          2,
          null,
          null,
          3,
          3,
          3,
          3,
          null,
          null,
          null
        ]
      }
    },
    "timestamp": 1707690631
  }
}
